<?xml version="1.0" encoding="utf-8"?>
<test-run id="2" testcasecount="13" result="Passed" total="13" passed="13" failed="0" inconclusive="0" skipped="0" asserts="0" engine-version="3.5.0.0" clr-version="4.0.30319.42000" start-time="2026-06-13 21:39:12Z" end-time="2026-06-13 21:39:12Z" duration="0.1100003">
  <test-suite type="TestSuite" id="1000" name="CascadeEngine" fullname="CascadeEngine" runstate="Runnable" testcasecount="13" result="Passed" start-time="2026-06-13 21:39:12Z" end-time="2026-06-13 21:39:12Z" duration="0.110000" total="13" passed="13" failed="0" inconclusive="0" skipped="0" asserts="0">
    <properties>
      <property name="platform" value="EditMode" />
    </properties>
    <test-suite type="Assembly" id="1015" name="Tests.dll" fullname="C:/Users/admin/Documents/UnityProjects/CascadeRuleEngine/Library/ScriptAssemblies/Tests.dll" runstate="Runnable" testcasecount="13" result="Passed" start-time="2026-06-13 21:39:12Z" end-time="2026-06-13 21:39:12Z" duration="0.086143" total="13" passed="13" failed="0" inconclusive="0" skipped="0" asserts="0">
      <properties>
        <property name="_PID" value="496720" />
        <property name="_APPDOMAIN" value="Unity Child Domain" />
        <property name="platform" value="EditMode" />
        <property name="EditorOnly" value="True" />
      </properties>
      <test-suite type="TestSuite" id="1016" name="CascadeEngineApi" fullname="CascadeEngineApi" runstate="Runnable" testcasecount="13" result="Passed" start-time="2026-06-13 21:39:12Z" end-time="2026-06-13 21:39:12Z" duration="0.085686" total="13" passed="13" failed="0" inconclusive="0" skipped="0" asserts="0">
        <properties />
        <test-suite type="TestSuite" id="1017" name="Tests" fullname="CascadeEngineApi.Tests" runstate="Runnable" testcasecount="13" result="Passed" start-time="2026-06-13 21:39:12Z" end-time="2026-06-13 21:39:12Z" duration="0.085559" total="13" passed="13" failed="0" inconclusive="0" skipped="0" asserts="0">
          <properties />
          <test-suite type="TestFixture" id="1001" name="HestiaGameContextTests" fullname="CascadeEngineApi.Tests.HestiaGameContextTests" classname="CascadeEngineApi.Tests.HestiaGameContextTests" runstate="Runnable" testcasecount="13" result="Passed" start-time="2026-06-13 21:39:12Z" end-time="2026-06-13 21:39:12Z" duration="0.084266" total="13" passed="13" failed="0" inconclusive="0" skipped="0" asserts="0">
            <properties />
            <test-case id="1003" name="AmmoEmptyTransitionPublishesAmmoAndDryFireCueMutations" fullname="CascadeEngineApi.Tests.HestiaGameContextTests.AmmoEmptyTransitionPublishesAmmoAndDryFireCueMutations" methodname="AmmoEmptyTransitionPublishesAmmoAndDryFireCueMutations" classname="CascadeEngineApi.Tests.HestiaGameContextTests" runstate="Runnable" seed="1263288944" result="Passed" start-time="2026-06-13 21:39:12Z" end-time="2026-06-13 21:39:12Z" duration="0.048401" asserts="0">
              <properties>
                <property name="retryIteration" value="0" />
                <property name="repeatIteration" value="0" />
              </properties>
            </test-case>
            <test-case id="1012" name="DestroyEntityPublishesDeleteMutationAndRejectsLaterFacts" fullname="CascadeEngineApi.Tests.HestiaGameContextTests.DestroyEntityPublishesDeleteMutationAndRejectsLaterFacts" methodname="DestroyEntityPublishesDeleteMutationAndRejectsLaterFacts" classname="CascadeEngineApi.Tests.HestiaGameContextTests" runstate="Runnable" seed="951986595" result="Passed" start-time="2026-06-13 21:39:12Z" end-time="2026-06-13 21:39:12Z" duration="0.001920" asserts="0">
              <properties>
                <property name="retryIteration" value="0" />
                <property name="repeatIteration" value="0" />
              </properties>
            </test-case>
            <test-case id="1005" name="DistinctAmmoFactsFoldIntoOneOutputMutation" fullname="CascadeEngineApi.Tests.HestiaGameContextTests.DistinctAmmoFactsFoldIntoOneOutputMutation" methodname="DistinctAmmoFactsFoldIntoOneOutputMutation" classname="CascadeEngineApi.Tests.HestiaGameContextTests" runstate="Runnable" seed="1920297618" result="Passed" start-time="2026-06-13 21:39:12Z" end-time="2026-06-13 21:39:12Z" duration="0.000598" asserts="0">
              <properties>
                <property name="retryIteration" value="0" />
                <property name="repeatIteration" value="0" />
              </properties>
            </test-case>
            <test-case id="1004" name="DuplicateFactsAreDeduplicatedWithinOneTick" fullname="CascadeEngineApi.Tests.HestiaGameContextTests.DuplicateFactsAreDeduplicatedWithinOneTick" methodname="DuplicateFactsAreDeduplicatedWithinOneTick" classname="CascadeEngineApi.Tests.HestiaGameContextTests" runstate="Runnable" seed="795073256" result="Passed" start-time="2026-06-13 21:39:12Z" end-time="2026-06-13 21:39:12Z" duration="0.000586" asserts="0">
              <properties>
                <property name="retryIteration" value="0" />
                <property name="repeatIteration" value="0" />
              </properties>
            </test-case>
            <test-case id="1008" name="EqualPriorityMoveConflictThrowsAndDoesNotCommit" fullname="CascadeEngineApi.Tests.HestiaGameContextTests.EqualPriorityMoveConflictThrowsAndDoesNotCommit" methodname="EqualPriorityMoveConflictThrowsAndDoesNotCommit" classname="CascadeEngineApi.Tests.HestiaGameContextTests" runstate="Runnable" seed="285230943" result="Passed" start-time="2026-06-13 21:39:12Z" end-time="2026-06-13 21:39:12Z" duration="0.009414" asserts="0">
              <properties>
                <property name="retryIteration" value="0" />
                <property name="repeatIteration" value="0" />
              </properties>
            </test-case>
            <test-case id="1002" name="FireWeaponReducesRequestAndCommitsAmmoOnce" fullname="CascadeEngineApi.Tests.HestiaGameContextTests.FireWeaponReducesRequestAndCommitsAmmoOnce" methodname="FireWeaponReducesRequestAndCommitsAmmoOnce" classname="CascadeEngineApi.Tests.HestiaGameContextTests" runstate="Runnable" seed="441948151" result="Passed" start-time="2026-06-13 21:39:12Z" end-time="2026-06-13 21:39:12Z" duration="0.000365" asserts="0">
              <properties>
                <property name="retryIteration" value="0" />
                <property name="repeatIteration" value="0" />
              </properties>
            </test-case>
            <test-case id="1013" name="ForeignOutputDescriptorIsRejected" fullname="CascadeEngineApi.Tests.HestiaGameContextTests.ForeignOutputDescriptorIsRejected" methodname="ForeignOutputDescriptorIsRejected" classname="CascadeEngineApi.Tests.HestiaGameContextTests" runstate="Runnable" seed="2139864072" result="Passed" start-time="2026-06-13 21:39:12Z" end-time="2026-06-13 21:39:12Z" duration="0.000435" asserts="0">
              <properties>
                <property name="retryIteration" value="0" />
                <property name="repeatIteration" value="0" />
              </properties>
            </test-case>
            <test-case id="1007" name="HighestPriorityMoveWinsAndPublishesTypedMutation" fullname="CascadeEngineApi.Tests.HestiaGameContextTests.HighestPriorityMoveWinsAndPublishesTypedMutation" methodname="HighestPriorityMoveWinsAndPublishesTypedMutation" classname="CascadeEngineApi.Tests.HestiaGameContextTests" runstate="Runnable" seed="1590093425" result="Passed" start-time="2026-06-13 21:39:12Z" end-time="2026-06-13 21:39:12Z" duration="0.001766" asserts="0">
              <properties>
                <property name="retryIteration" value="0" />
                <property name="repeatIteration" value="0" />
              </properties>
            </test-case>
            <test-case id="1006" name="MissingAmmoStateSkipsSpendAndCreatesNoDefaultState" fullname="CascadeEngineApi.Tests.HestiaGameContextTests.MissingAmmoStateSkipsSpendAndCreatesNoDefaultState" methodname="MissingAmmoStateSkipsSpendAndCreatesNoDefaultState" classname="CascadeEngineApi.Tests.HestiaGameContextTests" runstate="Runnable" seed="101334176" result="Passed" start-time="2026-06-13 21:39:12Z" end-time="2026-06-13 21:39:12Z" duration="0.000233" asserts="0">
              <properties>
                <property name="retryIteration" value="0" />
                <property name="repeatIteration" value="0" />
              </properties>
            </test-case>
            <test-case id="1011" name="NonRelevantFootstepDoesNotEmitFactOrMutation" fullname="CascadeEngineApi.Tests.HestiaGameContextTests.NonRelevantFootstepDoesNotEmitFactOrMutation" methodname="NonRelevantFootstepDoesNotEmitFactOrMutation" classname="CascadeEngineApi.Tests.HestiaGameContextTests" runstate="Runnable" seed="388861071" result="Passed" start-time="2026-06-13 21:39:12Z" end-time="2026-06-13 21:39:12Z" duration="0.000279" asserts="0">
              <properties>
                <property name="retryIteration" value="0" />
                <property name="repeatIteration" value="0" />
              </properties>
            </test-case>
            <test-case id="1009" name="PositionWithinEpsilonDoesNotPublishMutation" fullname="CascadeEngineApi.Tests.HestiaGameContextTests.PositionWithinEpsilonDoesNotPublishMutation" methodname="PositionWithinEpsilonDoesNotPublishMutation" classname="CascadeEngineApi.Tests.HestiaGameContextTests" runstate="Runnable" seed="1015000374" result="Passed" start-time="2026-06-13 21:39:12Z" end-time="2026-06-13 21:39:12Z" duration="0.000217" asserts="0">
              <properties>
                <property name="retryIteration" value="0" />
                <property name="repeatIteration" value="0" />
              </properties>
            </test-case>
            <test-case id="1010" name="RelevantFootstepPublishesMarkerEachTick" fullname="CascadeEngineApi.Tests.HestiaGameContextTests.RelevantFootstepPublishesMarkerEachTick" methodname="RelevantFootstepPublishesMarkerEachTick" classname="CascadeEngineApi.Tests.HestiaGameContextTests" runstate="Runnable" seed="1289302314" result="Passed" start-time="2026-06-13 21:39:12Z" end-time="2026-06-13 21:39:12Z" duration="0.002711" asserts="0">
              <properties>
                <property name="retryIteration" value="0" />
                <property name="repeatIteration" value="0" />
              </properties>
            </test-case>
            <test-case id="1014" name="UnknownEntityFactsAreRejectedBeforeEnteringTheQueue" fullname="CascadeEngineApi.Tests.HestiaGameContextTests.UnknownEntityFactsAreRejectedBeforeEnteringTheQueue" methodname="UnknownEntityFactsAreRejectedBeforeEnteringTheQueue" classname="CascadeEngineApi.Tests.HestiaGameContextTests" runstate="Runnable" seed="806037835" result="Passed" start-time="2026-06-13 21:39:12Z" end-time="2026-06-13 21:39:12Z" duration="0.000312" asserts="0">
              <properties>
                <property name="retryIteration" value="0" />
                <property name="repeatIteration" value="0" />
              </properties>
              <output><![CDATA[Saving results to: C:/Users/admin/AppData/LocalLow/DefaultCompany/CascadeEngine\TestResults.xml
]]></output>
            </test-case>
          </test-suite>
        </test-suite>
      </test-suite>
    </test-suite>
  </test-suite>
</test-run>